Running : C:\Xilinx\10.1\ISE\bin\nt\unwrapped\fuse.exe -ise
C:/Designs/MekalTom/rs_232/rs_232.ise -intstyle ise -incremental -lib
unisims_ver -lib unimacro_ver -lib xilinxcorelib_ver -o testbench_isim_beh.exe
-prj testbench_beh.prj -top testbench -top glbl
Determining compilation order of HDL files
Analyzing Verilog file rs232.v
Analyzing Verilog file top.v
Analyzing Verilog file testbench.v
Analyzing Verilog file C:/Xilinx/10.1/ISE/verilog/src/glbl.v
Saving Verilog parse-tree work.rs232 into
c:/designs/mekaltom/rs_232/isim/work/rs232.sdb
Saving Verilog parse-tree work.top into
c:/designs/mekaltom/rs_232/isim/work/top.sdb
Saving Verilog parse-tree work.testbench into
c:/designs/mekaltom/rs_232/isim/work/testbench.sdb
Saving Verilog parse-tree work.glbl into
c:/designs/mekaltom/rs_232/isim/work/glbl.sdb
Starting static elaboration
Completed static elaboration
Fuse Memory Usage: 54236 Kb
Fuse CPU Usage: 77 ms
Compiling module glbl
Compiling module rs232
Compiling module top
Compiling module testbench
Compiled 4 Verilog Units
Built simulation executable testbench_isim_beh.exe
Fuse Memory Usage: 55520 Kb
Fuse CPU Usage: 77 ms
