Command line:
   ./testbench_isim_beh.exe
     -intstyle  ise
     -ipchost  localhost
     -ipcport  1280

Wed Apr 24 17:08:27 2019

Total Line Count : 100

 Elaboration Time: 0.015625 sec

 Current Memory Usage: 247.136 Meg

 Total Signals          : 17
 Total Nets             : 13
 Total Signal Drivers   : 8
 Total Blocks           : 4
 Total Primitive Blocks : 2
 Total Processes        : 14
 Total Traceable Variables  : 27
 Total Scalar Nets and Variables : 173
ntrace select -o on -n /testbench/TXD 
ntrace select -o on -n /testbench/clk 
ntrace select -o on -n /testbench/rst 
ntrace select -o on -n /testbench/RXD 
ntrace select -o on -n /testbench/top1/RS/control 
ntrace select -o on -n /testbench/top1/RS/data 
ntrace select -o on -n /testbench/top1/RS/cntr 
ntrace start 
isimrun 1000 ns 
Simulator is doing circuit initialization process.
Finished circuit initialization process.
isimrun 1000 ns 
isimrun 1000 ns 

 Total Simulation Time: 0.078125 sec

 Current Memory Usage: 257.688 Meg

Wed Apr 24 17:12:32 2019

